<?xml version="1.0" encoding="UTF-8"?>
<!-- Generated by org.testng.reporters.JUnitXMLReporter -->
<testsuite ignored="0" hostname="DESKTOP-25T4SKK" failures="0" tests="2" name="Command line test" time="0.242" errors="0" timestamp="2024-10-04T12:04:43 IST">
  <testcase classname="mytests.HomePageTest" name="@BeforeTest setup" time="0.177">
    <failure type="org.openqa.selenium.remote.NoSuchDriverException" message="chromedriver at location C:\Driver\chromedriver_128, does not exist
For documentation on this error, please visit: https://www.selenium.dev/documentation/webdriver/troubleshooting/errors/driver_location/
Build info: version: &amp;apos;4.18.1&amp;apos;, revision: &amp;apos;b1d3319b48&amp;apos;
System info: os.name: &amp;apos;Windows 11&amp;apos;, os.arch: &amp;apos;amd64&amp;apos;, os.version: &amp;apos;10.0&amp;apos;, java.version: &amp;apos;17.0.5&amp;apos;
Driver info: driver.version: ChromeDriver">
      <![CDATA[org.openqa.selenium.remote.NoSuchDriverException: chromedriver at location C:\Driver\chromedriver_128, does not exist
For documentation on this error, please visit: https://www.selenium.dev/documentation/webdriver/troubleshooting/errors/driver_location/
Build info: version: '4.18.1', revision: 'b1d3319b48'
System info: os.name: 'Windows 11', os.arch: 'amd64', os.version: '10.0', java.version: '17.0.5'
Driver info: driver.version: ChromeDriver
at org.openqa.selenium.remote.service.DriverFinder.getPath(DriverFinder.java:76)
at org.openqa.selenium.remote.service.DriverFinder.getPath(DriverFinder.java:33)
at org.openqa.selenium.chrome.ChromeDriver.generateExecutor(ChromeDriver.java:99)
at org.openqa.selenium.chrome.ChromeDriver.<init>(ChromeDriver.java:89)
at org.openqa.selenium.chrome.ChromeDriver.<init>(ChromeDriver.java:84)
at org.openqa.selenium.chrome.ChromeDriver.<init>(ChromeDriver.java:52)
at Factory.DriverFactory.initDriver(DriverFactory.java:22)
at mytests.HomePageTest.setup(HomePageTest.java:29)
... Removed 33 stack frames]]>
    </failure>
  </testcase> <!-- @BeforeTest setup -->
  <testcase classname="mytests.HomePageTest" name="@AfterTest tearDown" time="0.0">
    <skipped/>
  </testcase> <!-- @AfterTest tearDown -->
  <testcase classname="mytests.HomePageTest" name="ContactFooterTest" time="0.001">
    <skipped/>
  </testcase> <!-- ContactFooterTest -->
  <testcase classname="mytests.HomePageTest" name="headerTest" time="0.0">
    <skipped/>
  </testcase> <!-- headerTest -->
</testsuite> <!-- Command line test -->
